[2022-12-28 13:50:31] local.ERROR: SQLSTATE[HY000] [1045] Access denied for user 'root'@'localhost' (using password: YES) (SQL: SHOW FULL TABLES WHERE table_type = 'BASE TABLE') {"exception":"[object] (Illuminate\\Database\\QueryException(code: 1045): SQLSTATE[HY000] [1045] Access denied for user 'root'@'localhost' (using password: YES) (SQL: SHOW FULL TABLES WHERE table_type = 'BASE TABLE') at /home/yair/Assignment2/vendor/laravel/framework/src/Illuminate/Database/Connection.php:712)
[stacktrace]
#0 /home/yair/Assignment2/vendor/laravel/framework/src/Illuminate/Database/Connection.php(672): Illuminate\\Database\\Connection->runQueryCallback()
#1 /home/yair/Assignment2/vendor/laravel/framework/src/Illuminate/Database/Connection.php(376): Illuminate\\Database\\Connection->run()
#2 /home/yair/Assignment2/vendor/laravel/framework/src/Illuminate/Database/Schema/MySqlBuilder.php(125): Illuminate\\Database\\Connection->select()
#3 /home/yair/Assignment2/vendor/laravel/framework/src/Illuminate/Database/Schema/MySqlBuilder.php(74): Illuminate\\Database\\Schema\\MySqlBuilder->getAllTables()
#4 /home/yair/Assignment2/vendor/laravel/framework/src/Illuminate/Database/Console/WipeCommand.php(69): Illuminate\\Database\\Schema\\MySqlBuilder->dropAllTables()
#5 /home/yair/Assignment2/vendor/laravel/framework/src/Illuminate/Database/Console/WipeCommand.php(46): Illuminate\\Database\\Console\\WipeCommand->dropAllTables()
#6 /home/yair/Assignment2/vendor/laravel/framework/src/Illuminate/Container/BoundMethod.php(36): Illuminate\\Database\\Console\\WipeCommand->handle()
#7 /home/yair/Assignment2/vendor/laravel/framework/src/Illuminate/Container/Util.php(40): Illuminate\\Container\\BoundMethod::Illuminate\\Container\\{closure}()
#8 /home/yair/Assignment2/vendor/laravel/framework/src/Illuminate/Container/BoundMethod.php(93): Illuminate\\Container\\Util::unwrapIfClosure()
#9 /home/yair/Assignment2/vendor/laravel/framework/src/Illuminate/Container/BoundMethod.php(37): Illuminate\\Container\\BoundMethod::callBoundMethod()
#10 /home/yair/Assignment2/vendor/laravel/framework/src/Illuminate/Container/Container.php(653): Illuminate\\Container\\BoundMethod::call()
#11 /home/yair/Assignment2/vendor/laravel/framework/src/Illuminate/Console/Command.php(136): Illuminate\\Container\\Container->call()
#12 /home/yair/Assignment2/vendor/symfony/console/Command/Command.php(298): Illuminate\\Console\\Command->execute()
#13 /home/yair/Assignment2/vendor/laravel/framework/src/Illuminate/Console/Command.php(121): Symfony\\Component\\Console\\Command\\Command->run()
#14 /home/yair/Assignment2/vendor/laravel/framework/src/Illuminate/Console/Concerns/CallsCommands.php(68): Illuminate\\Console\\Command->run()
#15 /home/yair/Assignment2/vendor/laravel/framework/src/Illuminate/Console/Concerns/CallsCommands.php(28): Illuminate\\Console\\Command->runCommand()
#16 /home/yair/Assignment2/vendor/laravel/framework/src/Illuminate/Database/Console/Migrations/FreshCommand.php(43): Illuminate\\Console\\Command->call()
#17 /home/yair/Assignment2/vendor/laravel/framework/src/Illuminate/Container/BoundMethod.php(36): Illuminate\\Database\\Console\\Migrations\\FreshCommand->handle()
#18 /home/yair/Assignment2/vendor/laravel/framework/src/Illuminate/Container/Util.php(40): Illuminate\\Container\\BoundMethod::Illuminate\\Container\\{closure}()
#19 /home/yair/Assignment2/vendor/laravel/framework/src/Illuminate/Container/BoundMethod.php(93): Illuminate\\Container\\Util::unwrapIfClosure()
#20 /home/yair/Assignment2/vendor/laravel/framework/src/Illuminate/Container/BoundMethod.php(37): Illuminate\\Container\\BoundMethod::callBoundMethod()
#21 /home/yair/Assignment2/vendor/laravel/framework/src/Illuminate/Container/Container.php(653): Illuminate\\Container\\BoundMethod::call()
#22 /home/yair/Assignment2/vendor/laravel/framework/src/Illuminate/Console/Command.php(136): Illuminate\\Container\\Container->call()
#23 /home/yair/Assignment2/vendor/symfony/console/Command/Command.php(298): Illuminate\\Console\\Command->execute()
#24 /home/yair/Assignment2/vendor/laravel/framework/src/Illuminate/Console/Command.php(121): Symfony\\Component\\Console\\Command\\Command->run()
#25 /home/yair/Assignment2/vendor/symfony/console/Application.php(1040): Illuminate\\Console\\Command->run()
#26 /home/yair/Assignment2/vendor/symfony/console/Application.php(301): Symfony\\Component\\Console\\Application->doRunCommand()
#27 /home/yair/Assignment2/vendor/symfony/console/Application.php(171): Symfony\\Component\\Console\\Application->doRun()
#28 /home/yair/Assignment2/vendor/laravel/framework/src/Illuminate/Console/Application.php(94): Symfony\\Component\\Console\\Application->run()
#29 /home/yair/Assignment2/vendor/laravel/framework/src/Illuminate/Foundation/Console/Kernel.php(129): Illuminate\\Console\\Application->run()
#30 /home/yair/Assignment2/artisan(37): Illuminate\\Foundation\\Console\\Kernel->handle()
#31 {main}

[previous exception] [object] (PDOException(code: 1045): SQLSTATE[HY000] [1045] Access denied for user 'root'@'localhost' (using password: YES) at /home/yair/Assignment2/vendor/laravel/framework/src/Illuminate/Database/Connectors/Connector.php:70)
[stacktrace]
#0 /home/yair/Assignment2/vendor/laravel/framework/src/Illuminate/Database/Connectors/Connector.php(70): PDO->__construct()
#1 /home/yair/Assignment2/vendor/laravel/framework/src/Illuminate/Database/Connectors/Connector.php(46): Illuminate\\Database\\Connectors\\Connector->createPdoConnection()
#2 /home/yair/Assignment2/vendor/laravel/framework/src/Illuminate/Database/Connectors/MySqlConnector.php(24): Illuminate\\Database\\Connectors\\Connector->createConnection()
#3 /home/yair/Assignment2/vendor/laravel/framework/src/Illuminate/Database/Connectors/ConnectionFactory.php(184): Illuminate\\Database\\Connectors\\MySqlConnector->connect()
#4 [internal function]: Illuminate\\Database\\Connectors\\ConnectionFactory->Illuminate\\Database\\Connectors\\{closure}()
#5 /home/yair/Assignment2/vendor/laravel/framework/src/Illuminate/Database/Connection.php(1064): call_user_func()
#6 /home/yair/Assignment2/vendor/laravel/framework/src/Illuminate/Database/Connection.php(1100): Illuminate\\Database\\Connection->getPdo()
#7 /home/yair/Assignment2/vendor/laravel/framework/src/Illuminate/Database/Connection.php(442): Illuminate\\Database\\Connection->getReadPdo()
#8 /home/yair/Assignment2/vendor/laravel/framework/src/Illuminate/Database/Connection.php(368): Illuminate\\Database\\Connection->getPdoForSelect()
#9 /home/yair/Assignment2/vendor/laravel/framework/src/Illuminate/Database/Connection.php(705): Illuminate\\Database\\Connection->Illuminate\\Database\\{closure}()
#10 /home/yair/Assignment2/vendor/laravel/framework/src/Illuminate/Database/Connection.php(672): Illuminate\\Database\\Connection->runQueryCallback()
#11 /home/yair/Assignment2/vendor/laravel/framework/src/Illuminate/Database/Connection.php(376): Illuminate\\Database\\Connection->run()
#12 /home/yair/Assignment2/vendor/laravel/framework/src/Illuminate/Database/Schema/MySqlBuilder.php(125): Illuminate\\Database\\Connection->select()
#13 /home/yair/Assignment2/vendor/laravel/framework/src/Illuminate/Database/Schema/MySqlBuilder.php(74): Illuminate\\Database\\Schema\\MySqlBuilder->getAllTables()
#14 /home/yair/Assignment2/vendor/laravel/framework/src/Illuminate/Database/Console/WipeCommand.php(69): Illuminate\\Database\\Schema\\MySqlBuilder->dropAllTables()
#15 /home/yair/Assignment2/vendor/laravel/framework/src/Illuminate/Database/Console/WipeCommand.php(46): Illuminate\\Database\\Console\\WipeCommand->dropAllTables()
#16 /home/yair/Assignment2/vendor/laravel/framework/src/Illuminate/Container/BoundMethod.php(36): Illuminate\\Database\\Console\\WipeCommand->handle()
#17 /home/yair/Assignment2/vendor/laravel/framework/src/Illuminate/Container/Util.php(40): Illuminate\\Container\\BoundMethod::Illuminate\\Container\\{closure}()
#18 /home/yair/Assignment2/vendor/laravel/framework/src/Illuminate/Container/BoundMethod.php(93): Illuminate\\Container\\Util::unwrapIfClosure()
#19 /home/yair/Assignment2/vendor/laravel/framework/src/Illuminate/Container/BoundMethod.php(37): Illuminate\\Container\\BoundMethod::callBoundMethod()
#20 /home/yair/Assignment2/vendor/laravel/framework/src/Illuminate/Container/Container.php(653): Illuminate\\Container\\BoundMethod::call()
#21 /home/yair/Assignment2/vendor/laravel/framework/src/Illuminate/Console/Command.php(136): Illuminate\\Container\\Container->call()
#22 /home/yair/Assignment2/vendor/symfony/console/Command/Command.php(298): Illuminate\\Console\\Command->execute()
#23 /home/yair/Assignment2/vendor/laravel/framework/src/Illuminate/Console/Command.php(121): Symfony\\Component\\Console\\Command\\Command->run()
#24 /home/yair/Assignment2/vendor/laravel/framework/src/Illuminate/Console/Concerns/CallsCommands.php(68): Illuminate\\Console\\Command->run()
#25 /home/yair/Assignment2/vendor/laravel/framework/src/Illuminate/Console/Concerns/CallsCommands.php(28): Illuminate\\Console\\Command->runCommand()
#26 /home/yair/Assignment2/vendor/laravel/framework/src/Illuminate/Database/Console/Migrations/FreshCommand.php(43): Illuminate\\Console\\Command->call()
#27 /home/yair/Assignment2/vendor/laravel/framework/src/Illuminate/Container/BoundMethod.php(36): Illuminate\\Database\\Console\\Migrations\\FreshCommand->handle()
#28 /home/yair/Assignment2/vendor/laravel/framework/src/Illuminate/Container/Util.php(40): Illuminate\\Container\\BoundMethod::Illuminate\\Container\\{closure}()
#29 /home/yair/Assignment2/vendor/laravel/framework/src/Illuminate/Container/BoundMethod.php(93): Illuminate\\Container\\Util::unwrapIfClosure()
#30 /home/yair/Assignment2/vendor/laravel/framework/src/Illuminate/Container/BoundMethod.php(37): Illuminate\\Container\\BoundMethod::callBoundMethod()
#31 /home/yair/Assignment2/vendor/laravel/framework/src/Illuminate/Container/Container.php(653): Illuminate\\Container\\BoundMethod::call()
#32 /home/yair/Assignment2/vendor/laravel/framework/src/Illuminate/Console/Command.php(136): Illuminate\\Container\\Container->call()
#33 /home/yair/Assignment2/vendor/symfony/console/Command/Command.php(298): Illuminate\\Console\\Command->execute()
#34 /home/yair/Assignment2/vendor/laravel/framework/src/Illuminate/Console/Command.php(121): Symfony\\Component\\Console\\Command\\Command->run()
#35 /home/yair/Assignment2/vendor/symfony/console/Application.php(1040): Illuminate\\Console\\Command->run()
#36 /home/yair/Assignment2/vendor/symfony/console/Application.php(301): Symfony\\Component\\Console\\Application->doRunCommand()
#37 /home/yair/Assignment2/vendor/symfony/console/Application.php(171): Symfony\\Component\\Console\\Application->doRun()
#38 /home/yair/Assignment2/vendor/laravel/framework/src/Illuminate/Console/Application.php(94): Symfony\\Component\\Console\\Application->run()
#39 /home/yair/Assignment2/vendor/laravel/framework/src/Illuminate/Foundation/Console/Kernel.php(129): Illuminate\\Console\\Application->run()
#40 /home/yair/Assignment2/artisan(37): Illuminate\\Foundation\\Console\\Kernel->handle()
#41 {main}
"} 
